# JRE version: OpenJDK Runtime Environment (8.0_332-b08) (build 1.8.0_332-b08)
# Java VM: OpenJDK 64-Bit Server VM (25.332-b08 mixed mode windows-amd64 compressed oops)
Heap:
 PSYoungGen      total 151552K, used 78078K [0x0000000716e00000, 0x0000000726780000, 0x00000007c0000000)
  eden space 130048K, 56% used [0x0000000716e00000,0x000000071b63cfa8,0x000000071ed00000)
  from space 21504K, 19% used [0x000000071ed00000,0x000000071f102978,0x0000000720200000)
  to   space 21504K, 0% used [0x0000000725280000,0x0000000725280000,0x0000000726780000)
 ParOldGen       total 239104K, used 9224K [0x00000005c4a00000, 0x00000005d3380000, 0x0000000716e00000)
  object space 239104K, 3% used [0x00000005c4a00000,0x00000005c53023d8,0x00000005d3380000)
 Metaspace       used 28197K, capacity 28954K, committed 29232K, reserved 1075200K
  class space    used 3583K, capacity 3780K, committed 3888K, reserved 1048576K
GC Heap History (8 events):
Event: 1.079 GC heap before
{Heap before GC invocations=1 (full 0):
 PSYoungGen      total 151552K, used 86206K [0x0000000716e00000, 0x0000000721700000, 0x00000007c0000000)
  eden space 130048K, 66% used [0x0000000716e00000,0x000000071c22fa20,0x000000071ed00000)
  from space 21504K, 0% used [0x0000000720200000,0x0000000720200000,0x0000000721700000)
  to   space 21504K, 0% used [0x000000071ed00000,0x000000071ed00000,0x0000000720200000)
 ParOldGen       total 347136K, used 0K [0x00000005c4a00000, 0x00000005d9d00000, 0x0000000716e00000)
  object space 347136K, 0% used [0x00000005c4a00000,0x00000005c4a00000,0x00000005d9d00000)
 Metaspace       used 20745K, capacity 21104K, committed 21296K, reserved 1069056K
  class space    used 2469K, capacity 2579K, committed 2608K, reserved 1048576K
Event: 1.086 GC heap after
Heap after GC invocations=1 (full 0):
 PSYoungGen      total 151552K, used 9715K [0x0000000716e00000, 0x0000000721700000, 0x00000007c0000000)
  eden space 130048K, 0% used [0x0000000716e00000,0x0000000716e00000,0x000000071ed00000)
  from space 21504K, 45% used [0x000000071ed00000,0x000000071f67ce20,0x0000000720200000)
  to   space 21504K, 0% used [0x0000000720200000,0x0000000720200000,0x0000000721700000)
 ParOldGen       total 347136K, used 32K [0x00000005c4a00000, 0x00000005d9d00000, 0x0000000716e00000)
  object space 347136K, 0% used [0x00000005c4a00000,0x00000005c4a08000,0x00000005d9d00000)
 Metaspace       used 20745K, capacity 21104K, committed 21296K, reserved 1069056K
  class space    used 2469K, capacity 2579K, committed 2608K, reserved 1048576K
}
Event: 1.086 GC heap before
{Heap before GC invocations=2 (full 1):
 PSYoungGen      total 151552K, used 9715K [0x0000000716e00000, 0x0000000721700000, 0x00000007c0000000)
  eden space 130048K, 0% used [0x0000000716e00000,0x0000000716e00000,0x000000071ed00000)
  from space 21504K, 45% used [0x000000071ed00000,0x000000071f67ce20,0x0000000720200000)
  to   space 21504K, 0% used [0x0000000720200000,0x0000000720200000,0x0000000721700000)
 ParOldGen       total 347136K, used 32K [0x00000005c4a00000, 0x00000005d9d00000, 0x0000000716e00000)
  object space 347136K, 0% used [0x00000005c4a00000,0x00000005c4a08000,0x00000005d9d00000)
 Metaspace       used 20745K, capacity 21104K, committed 21296K, reserved 1069056K
  class space    used 2469K, capacity 2579K, committed 2608K, reserved 1048576K
Event: 1.111 GC heap after
Heap after GC invocations=2 (full 1):
 PSYoungGen      total 151552K, used 0K [0x0000000716e00000, 0x0000000721700000, 0x00000007c0000000)
  eden space 130048K, 0% used [0x0000000716e00000,0x0000000716e00000,0x000000071ed00000)
  from space 21504K, 0% used [0x000000071ed00000,0x000000071ed00000,0x0000000720200000)
  to   space 21504K, 0% used [0x0000000720200000,0x0000000720200000,0x0000000721700000)
 ParOldGen       total 239104K, used 9216K [0x00000005c4a00000, 0x00000005d3380000, 0x0000000716e00000)
  object space 239104K, 3% used [0x00000005c4a00000,0x00000005c53003d8,0x00000005d3380000)
 Metaspace       used 20745K, capacity 21104K, committed 21296K, reserved 1069056K
  class space    used 2469K, capacity 2579K, committed 2608K, reserved 1048576K
}
Event: 1.518 GC heap before
{Heap before GC invocations=3 (full 1):
 PSYoungGen      total 151552K, used 129976K [0x0000000716e00000, 0x0000000721700000, 0x00000007c0000000)
  eden space 130048K, 99% used [0x0000000716e00000,0x000000071ecee260,0x000000071ed00000)
  from space 21504K, 0% used [0x000000071ed00000,0x000000071ed00000,0x0000000720200000)
  to   space 21504K, 0% used [0x0000000720200000,0x0000000720200000,0x0000000721700000)
 ParOldGen       total 239104K, used 9216K [0x00000005c4a00000, 0x00000005d3380000, 0x0000000716e00000)
  object space 239104K, 3% used [0x00000005c4a00000,0x00000005c53003d8,0x00000005d3380000)
 Metaspace       used 27666K, capacity 28440K, committed 28592K, reserved 1075200K
  class space    used 3520K, capacity 3697K, committed 3760K, reserved 1048576K
Event: 1.525 GC heap after
Heap after GC invocations=3 (full 1):
 PSYoungGen      total 151552K, used 10523K [0x0000000716e00000, 0x0000000724180000, 0x00000007c0000000)
  eden space 130048K, 0% used [0x0000000716e00000,0x0000000716e00000,0x000000071ed00000)
  from space 21504K, 48% used [0x0000000720200000,0x0000000720c46ea8,0x0000000721700000)
  to   space 21504K, 0% used [0x000000071ed00000,0x000000071ed00000,0x0000000720200000)
 ParOldGen       total 239104K, used 9224K [0x00000005c4a00000, 0x00000005d3380000, 0x0000000716e00000)
  object space 239104K, 3% used [0x00000005c4a00000,0x00000005c53023d8,0x00000005d3380000)
 Metaspace       used 27666K, capacity 28440K, committed 28592K, reserved 1075200K
  class space    used 3520K, capacity 3697K, committed 3760K, reserved 1048576K
}
Event: 1.549 GC heap before
{Heap before GC invocations=4 (full 1):
 PSYoungGen      total 151552K, used 140520K [0x0000000716e00000, 0x0000000724180000, 0x00000007c0000000)
  eden space 130048K, 99% used [0x0000000716e00000,0x000000071ecf3260,0x000000071ed00000)
  from space 21504K, 48% used [0x0000000720200000,0x0000000720c46ea8,0x0000000721700000)
  to   space 21504K, 0% used [0x000000071ed00000,0x000000071ed00000,0x0000000720200000)
 ParOldGen       total 239104K, used 9224K [0x00000005c4a00000, 0x00000005d3380000, 0x0000000716e00000)
  object space 239104K, 3% used [0x00000005c4a00000,0x00000005c53023d8,0x00000005d3380000)
 Metaspace       used 27675K, capacity 28442K, committed 28592K, reserved 1075200K
  class space    used 3522K, capacity 3698K, committed 3760K, reserved 1048576K
Event: 1.551 GC heap after
Heap after GC invocations=4 (full 1):
 PSYoungGen      total 151552K, used 4106K [0x0000000716e00000, 0x0000000726780000, 0x00000007c0000000)
  eden space 130048K, 0% used [0x0000000716e00000,0x0000000716e00000,0x000000071ed00000)
  from space 21504K, 19% used [0x000000071ed00000,0x000000071f102978,0x0000000720200000)
  to   space 21504K, 0% used [0x0000000725280000,0x0000000725280000,0x0000000726780000)
 ParOldGen       total 239104K, used 9224K [0x00000005c4a00000, 0x00000005d3380000, 0x0000000716e00000)
  object space 239104K, 3% used [0x00000005c4a00000,0x00000005c53023d8,0x00000005d3380000)
 Metaspace       used 27675K, capacity 28442K, committed 28592K, reserved 1075200K
  class space    used 3522K, capacity 3698K, committed 3760K, reserved 1048576K
}

